<?xml version="1.0" encoding="UTF-8"?>
<!-- Generated by org.testng.reporters.JUnitReportReporter -->
<testsuite hostname="LAPTOP-4787RIJ8" failures="0" tests="1" name="page_object_model.pages" time="0.022" errors="0" timestamp="2019-11-29T13:27:59 IST" skipped="0">
  <testcase classname="page_object_model.pages" name="pages" time="0.022"/>
</testsuite> <!-- page_object_model.pages -->
