<?xml version="1.0" encoding="UTF-8"?>
<!-- Generated by org.testng.reporters.JUnitReportReporter -->
<testsuite skipped="0" hostname="LAPTOP-4787RIJ8" name="com.crm.testcase.ExtentReporters" tests="1" failures="0" timestamp="2019-12-17T16:01:08 IST" time="13.788" errors="0">
  <testcase name="reports" time="13.788" classname="com.crm.testcase.ExtentReporters"/>
</testsuite> <!-- com.crm.testcase.ExtentReporters -->
