<?xml version="1.0" encoding="UTF-8"?>
<!-- Generated by org.testng.reporters.JUnitReportReporter -->
<testsuite skipped="0" hostname="LAPTOP-4787RIJ8" name="com.crm.testcase.hometestpage" tests="1" failures="0" timestamp="2019-12-18T11:06:57 IST" time="0.162" errors="0">
  <testcase name="hometest" time="0.162" classname="com.crm.testcase.hometestpage"/>
</testsuite> <!-- com.crm.testcase.hometestpage -->
