<?xml version="1.0" encoding="UTF-8"?>
<!-- Generated by org.testng.reporters.JUnitReportReporter -->
<testsuite skipped="0" hostname="LAPTOP-4787RIJ8" name="com.crm.testcase.Logintestcase" tests="2" failures="0" timestamp="2019-12-17T17:07:39 IST" time="28.317" errors="0">
  <testcase name="setup" time="16.972" classname="com.crm.testcase.Logintestcase"/>
  <testcase name="logintest" time="11.345" classname="com.crm.testcase.Logintestcase"/>
</testsuite> <!-- com.crm.testcase.Logintestcase -->
