<?xml version="1.0" encoding="UTF-8"?>
<!-- Generated by org.testng.reporters.JUnitReportReporter -->
<testsuite skipped="0" hostname="LAPTOP-4787RIJ8" name="com.crm.qa.base.Baseclass" tests="1" failures="0" timestamp="2019-12-10T12:38:41 IST" time="0.012" errors="0">
  <testcase name="data" time="0.012" classname="com.crm.qa.base.Baseclass"/>
</testsuite> <!-- com.crm.qa.base.Baseclass -->
